<?xml version="1.0" encoding="UTF-8"?>
<!-- Generated by org.testng.reporters.JUnitReportReporter -->
<testsuite hostname="WINDOWS-7LD1G3T" failures="0" tests="2" name="com.apitesting.testcases.TC_003_GetSingleUser" time="0.050" errors="0" timestamp="2021-11-22T10:21:43 PST" skipped="0">
  <testcase classname="com.apitesting.testcases.TC_003_GetSingleUser" name="checkStatusCode" time="0.006"/>
  <system-out/>
  <testcase classname="com.apitesting.testcases.TC_003_GetSingleUser" name="checkResponseBody" time="0.044"/>
  <system-out/>
</testsuite> <!-- com.apitesting.testcases.TC_003_GetSingleUser -->
