<?xml version="1.0" encoding="UTF-8"?>
<!-- Generated by org.testng.reporters.JUnitReportReporter -->
<testsuite hostname="WINDOWS-7LD1G3T" failures="0" tests="2" name="com.apitesting.testcases.TC_004_PatchUsers" time="0.031" errors="0" timestamp="2021-11-22T10:20:00 PST" skipped="0">
  <testcase classname="com.apitesting.testcases.TC_004_PatchUsers" name="checkResponseBody" time="0.027"/>
  <system-out/>
  <testcase classname="com.apitesting.testcases.TC_004_PatchUsers" name="checkStatusCode" time="0.004"/>
  <system-out/>
</testsuite> <!-- com.apitesting.testcases.TC_004_PatchUsers -->
