<?xml version="1.0" encoding="UTF-8"?>
<!-- Generated by org.testng.reporters.JUnitReportReporter -->
<testsuite hostname="WINDOWS-7LD1G3T" failures="0" tests="2" name="com.apitesting.testcases.TC_002_Post_createUser" time="0.023" errors="0" timestamp="2021-11-22T10:15:21 PST" skipped="0">
  <testcase classname="com.apitesting.testcases.TC_002_Post_createUser" name="checkStatusCode" time="0.002"/>
  <system-out/>
  <testcase classname="com.apitesting.testcases.TC_002_Post_createUser" name="checkResponseBody" time="0.021"/>
  <system-out/>
</testsuite> <!-- com.apitesting.testcases.TC_002_Post_createUser -->
