<?xml version="1.0" encoding="UTF-8"?>
<!-- Generated by org.testng.reporters.JUnitReportReporter -->
<testsuite hostname="WINDOWS-7LD1G3T" failures="0" tests="1" name="com.apitesting.testcases.TC001_Get_All_Employees" time="0.064" errors="0" timestamp="2021-11-21T17:59:33 PST" skipped="0">
  <testcase classname="com.apitesting.testcases.TC001_Get_All_Employees" name="checkResponseBody" time="0.064"/>
  <system-out/>
</testsuite> <!-- com.apitesting.testcases.TC001_Get_All_Employees -->
