<?xml version="1.0" encoding="UTF-8"?>
<!-- Generated by org.testng.reporters.JUnitReportReporter -->
<testsuite hostname="WINDOWS-7LD1G3T" failures="0" tests="7" name="com.apitesting.testcases.TC_001_Get_All_Users" time="1.141" errors="0" timestamp="2021-11-22T10:38:02 PST" skipped="0">
  <testcase classname="com.apitesting.testcases.TC_001_Get_All_Users" name="checkStatusLine" time="0.009"/>
  <system-out/>
  <testcase classname="com.apitesting.testcases.TC_001_Get_All_Users" name="checkResponseTime" time="0.005"/>
  <system-out/>
  <testcase classname="com.apitesting.testcases.TC_001_Get_All_Users" name="checkStatusCode" time="0.009"/>
  <system-out/>
  <testcase classname="com.apitesting.testcases.TC_001_Get_All_Users" name="checkContentType" time="0.014"/>
  <system-out/>
  <testcase classname="com.apitesting.testcases.TC_001_Get_All_Users" name="checkCookies" time="0.010"/>
  <system-out/>
  <testcase classname="com.apitesting.testcases.TC_001_Get_All_Users" name="checkResponseBody" time="1.085"/>
  <system-out/>
  <testcase classname="com.apitesting.testcases.TC_001_Get_All_Users" name="checkcontentEncoding" time="0.009"/>
  <system-out/>
</testsuite> <!-- com.apitesting.testcases.TC_001_Get_All_Users -->
