<?xml version="1.0" encoding="UTF-8"?>
<!-- Generated by org.testng.reporters.JUnitReportReporter -->
<testsuite hostname="WINDOWS-7LD1G3T" failures="0" tests="2" name="com.apitesting.testcases.TC_005_Login" time="1.011" errors="0" timestamp="2021-11-23T09:48:26 PST" skipped="0">
  <testcase classname="com.apitesting.testcases.TC_005_Login" name="checkResponseBody" time="1.005"/>
  <system-out/>
  <testcase classname="com.apitesting.testcases.TC_005_Login" name="checkStatusCode" time="0.006"/>
  <system-out/>
</testsuite> <!-- com.apitesting.testcases.TC_005_Login -->
